#
# There is insufficient memory for the Java Runtime Environment to continue.
# Native memory allocation (malloc) failed to allocate 219296 bytes for Chunk::new
# Possible reasons:
#   The system is out of physical RAM or swap space
#   The process is running with CompressedOops enabled, and the Java Heap may be blocking the growth of the native heap
# Possible solutions:
#   Reduce memory load on the system
#   Increase physical memory or swap space
#   Check if swap backing store is full
#   Decrease Java heap size (-Xmx/-Xms)
#   Decrease number of Java threads
#   Decrease Java thread stack sizes (-Xss)
#   Set larger code cache with -XX:ReservedCodeCacheSize=
#   JVM is running with Unscaled Compressed Oops mode in which the Java heap is
#     placed in the first 4GB address space. The Java Heap base address is the
#     maximum limit for the native heap growth. Please use -XX:HeapBaseMinAddress
#     to set the Java Heap base and to place the Java Heap above 4GB virtual address.
# This output file may be truncated or incomplete.
#
#  Out of Memory Error (arena.cpp:168), pid=2704, tid=7100
#
# JRE version: Java(TM) SE Runtime Environment (21.0.4+8) (build 21.0.4+8-LTS-274)
# Java VM: Java HotSpot(TM) 64-Bit Server VM (21.0.4+8-LTS-274, mixed mode, sharing, tiered, compressed oops, compressed class ptrs, g1 gc, windows-amd64)
# No core dump will be written. Minidumps are not enabled by default on client versions of Windows
#

---------------  S U M M A R Y ------------

Command Line: -javaagent:F:\IntelliJ IDEA Community Edition 2024.2.3\lib\idea_rt.jar=61754:F:\IntelliJ IDEA Community Edition 2024.2.3\bin -Dfile.encoding=UTF-8 -Dsun.stdout.encoding=UTF-8 -Dsun.stderr.encoding=UTF-8 institute.management.system.Main_Class

Host: Intel(R) Core(TM) i5-8265U CPU @ 1.60GHz, 8 cores, 7G,  Windows 10 , 64 bit Build 19041 (10.0.19041.4957)
Time: Tue Oct 29 09:22:15 2024 India Standard Time elapsed time: 190.700888 seconds (0d 0h 3m 10s)

---------------  T H R E A D  ---------------

Current thread (0x0000012feb63e890):  JavaThread "C2 CompilerThread0" daemon [_thread_in_native, id=7100, stack(0x0000000e04800000,0x0000000e04900000) (1024K)]


Current CompileTask:
C2: 190700 3944   !   4       java.awt.Component::firePropertyChange (59 bytes)

Stack: [0x0000000e04800000,0x0000000e04900000]
Native frames: (J=compiled Java code, j=interpreted, Vv=VM code, C=native code)
V  [jvm.dll+0x6c8e59]
V  [jvm.dll+0x853181]
V  [jvm.dll+0x8556ae]
V  [jvm.dll+0x855d83]
V  [jvm.dll+0x27d526]
V  [jvm.dll+0xc4aad]
V  [jvm.dll+0xc4fe3]
V  [jvm.dll+0x2f038f]
V  [jvm.dll+0x5f406a]
V  [jvm.dll+0x24f102]
V  [jvm.dll+0x24791e]
V  [jvm.dll+0x245754]
V  [jvm.dll+0x1c69de]
V  [jvm.dll+0x254d49]
V  [jvm.dll+0x2532da]
V  [jvm.dll+0x3ed426]
V  [jvm.dll+0x7fd65b]
V  [jvm.dll+0x6c753d]
C  [ucrtbase.dll+0x21bb2]
C  [KERNEL32.DLL+0x17374]
C  [ntdll.dll+0x4cc91]


---------------  P R O C E S S  ---------------

Threads class SMR info:
_java_thread_list=0x0000012ff11ba5b0, length=18, elements={
0x0000012feb625830, 0x0000012feb626750, 0x0000012feb62a430, 0x0000012feb62f120,
0x0000012feb62fb80, 0x0000012feb6305e0, 0x0000012feb63e890, 0x0000012feb63f990,
0x0000012feb5ecc20, 0x0000012feb9e41c0, 0x0000012feb9e4830, 0x0000012febab65a0,
0x0000012febab9b50, 0x0000012febabd320, 0x0000012ff0e50760, 0x0000012fcccd7790,
0x0000012ff0f7cd70, 0x0000012ff2443d70
}

Java Threads: ( => current thread )
  0x0000012feb625830 JavaThread "Reference Handler"          daemon [_thread_blocked, id=14264, stack(0x0000000e04200000,0x0000000e04300000) (1024K)]
  0x0000012feb626750 JavaThread "Finalizer"                  daemon [_thread_blocked, id=4724, stack(0x0000000e04300000,0x0000000e04400000) (1024K)]
  0x0000012feb62a430 JavaThread "Signal Dispatcher"          daemon [_thread_blocked, id=28164, stack(0x0000000e04400000,0x0000000e04500000) (1024K)]
  0x0000012feb62f120 JavaThread "Attach Listener"            daemon [_thread_blocked, id=9492, stack(0x0000000e04500000,0x0000000e04600000) (1024K)]
  0x0000012feb62fb80 JavaThread "Service Thread"             daemon [_thread_blocked, id=4088, stack(0x0000000e04600000,0x0000000e04700000) (1024K)]
  0x0000012feb6305e0 JavaThread "Monitor Deflation Thread"   daemon [_thread_blocked, id=30784, stack(0x0000000e04700000,0x0000000e04800000) (1024K)]
=>0x0000012feb63e890 JavaThread "C2 CompilerThread0"         daemon [_thread_in_native, id=7100, stack(0x0000000e04800000,0x0000000e04900000) (1024K)]
  0x0000012feb63f990 JavaThread "C1 CompilerThread0"         daemon [_thread_blocked, id=26644, stack(0x0000000e04900000,0x0000000e04a00000) (1024K)]
  0x0000012feb5ecc20 JavaThread "Common-Cleaner"             daemon [_thread_blocked, id=32896, stack(0x0000000e04a00000,0x0000000e04b00000) (1024K)]
  0x0000012feb9e41c0 JavaThread "Monitor Ctrl-Break"         daemon [_thread_in_native, id=21592, stack(0x0000000e04b00000,0x0000000e04c00000) (1024K)]
  0x0000012feb9e4830 JavaThread "Notification Thread"        daemon [_thread_blocked, id=13384, stack(0x0000000e04c00000,0x0000000e04d00000) (1024K)]
  0x0000012febab65a0 JavaThread "Java2D Disposer"            daemon [_thread_blocked, id=26272, stack(0x0000000e04d00000,0x0000000e04e00000) (1024K)]
  0x0000012febab9b50 JavaThread "AWT-Shutdown"                      [_thread_blocked, id=32124, stack(0x0000000e04e00000,0x0000000e04f00000) (1024K)]
  0x0000012febabd320 JavaThread "AWT-Windows"                daemon [_thread_in_native, id=19936, stack(0x0000000e04f00000,0x0000000e05000000) (1024K)]
  0x0000012ff0e50760 JavaThread "AWT-EventQueue-0"                  [_thread_blocked, id=25864, stack(0x0000000e05200000,0x0000000e05300000) (1024K)]
  0x0000012fcccd7790 JavaThread "DestroyJavaVM"                     [_thread_blocked, id=19304, stack(0x0000000e03a00000,0x0000000e03b00000) (1024K)]
  0x0000012ff0f7cd70 JavaThread "mysql-cj-abandoned-connection-cleanup" daemon [_thread_blocked, id=9520, stack(0x0000000e05b00000,0x0000000e05c00000) (1024K)]
  0x0000012ff2443d70 JavaThread "TimerQueue"                 daemon [_thread_blocked, id=10892, stack(0x0000000e05000000,0x0000000e05100000) (1024K)]
Total: 18

Other Threads:
  0x0000012feb600f40 VMThread "VM Thread"                           [id=4020, stack(0x0000000e04100000,0x0000000e04200000) (1024K)]
  0x0000012feb5ebd20 WatcherThread "VM Periodic Task Thread"        [id=8624, stack(0x0000000e04000000,0x0000000e04100000) (1024K)]
  0x0000012fccd2e4c0 WorkerThread "GC Thread#0"                     [id=34448, stack(0x0000000e03b00000,0x0000000e03c00000) (1024K)]
  0x0000012feba6d4f0 WorkerThread "GC Thread#1"                     [id=32192, stack(0x0000000e05100000,0x0000000e05200000) (1024K)]
  0x0000012ff0e6bf90 WorkerThread "GC Thread#2"                     [id=19380, stack(0x0000000e05300000,0x0000000e05400000) (1024K)]
  0x0000012ff0e6c330 WorkerThread "GC Thread#3"                     [id=29692, stack(0x0000000e05400000,0x0000000e05500000) (1024K)]
  0x0000012ff0e6c6d0 WorkerThread "GC Thread#4"                     [id=26660, stack(0x0000000e05500000,0x0000000e05600000) (1024K)]
  0x0000012ff0e6ca70 WorkerThread "GC Thread#5"                     [id=18716, stack(0x0000000e05600000,0x0000000e05700000) (1024K)]
  0x0000012febb5a010 WorkerThread "GC Thread#6"                     [id=14472, stack(0x0000000e05700000,0x0000000e05800000) (1024K)]
  0x0000012febb5a3b0 WorkerThread "GC Thread#7"                     [id=19488, stack(0x0000000e05800000,0x0000000e05900000) (1024K)]
  0x0000012fccd40000 ConcurrentGCThread "G1 Main Marker"            [id=31700, stack(0x0000000e03c00000,0x0000000e03d00000) (1024K)]
  0x0000012fccd40bc0 WorkerThread "G1 Conc#0"                       [id=32288, stack(0x0000000e03d00000,0x0000000e03e00000) (1024K)]
  0x0000012fccdaea70 ConcurrentGCThread "G1 Refine#0"               [id=33476, stack(0x0000000e03e00000,0x0000000e03f00000) (1024K)]
  0x0000012feb4ae670 ConcurrentGCThread "G1 Service"                [id=31316, stack(0x0000000e03f00000,0x0000000e04000000) (1024K)]
Total: 14

Threads with active compile tasks:
C2 CompilerThread0   190734 3944   !   4       java.awt.Component::firePropertyChange (59 bytes)
Total: 1

VM state: not at safepoint (normal execution)

VM Mutex/Monitor currently owned by a thread: None

Heap address: 0x0000000081e00000, size: 2018 MB, Compressed Oops mode: 32-bit

CDS archive(s) mapped at: [0x0000012f80000000-0x0000012f80c90000-0x0000012f80c90000), size 13172736, SharedBaseAddress: 0x0000012f80000000, ArchiveRelocationMode: 1.
Compressed class space mapped at: 0x0000012f81000000-0x0000012fc1000000, reserved size: 1073741824
Narrow klass base: 0x0000012f80000000, Narrow klass shift: 0, Narrow klass range: 0x100000000

GC Precious Log:
 CardTable entry size: 512
 Card Set container configuration: InlinePtr #cards 5 size 8 Array Of Cards #cards 12 size 40 Howl #buckets 4 coarsen threshold 1843 Howl Bitmap #cards 512 size 80 coarsen threshold 460 Card regions per heap region 1 cards per card region 2048
 CPUs: 8 total, 8 available
 Memory: 8067M
 Large Page Support: Disabled
 NUMA Support: Disabled
 Compressed Oops: Enabled (32-bit)
 Heap Region Size: 1M
 Heap Min Capacity: 8M
 Heap Initial Capacity: 128M
 Heap Max Capacity: 2018M
 Pre-touch: Disabled
 Parallel Workers: 8
 Concurrent Workers: 2
 Concurrent Refinement Workers: 8
 Periodic GC: Disabled

Heap:
 garbage-first heap   total 131072K, used 43137K [0x0000000081e00000, 0x0000000100000000)
  region size 1024K, 17 young (17408K), 5 survivors (5120K)
 Metaspace       used 21225K, committed 21504K, reserved 1114112K
  class space    used 2286K, committed 2432K, reserved 1048576K

Heap Regions: E=young(eden), S=young(survivor), O=old, HS=humongous(starts), HC=humongous(continues), CS=collection set, F=free, TAMS=top-at-mark-start, PB=parsable bottom
|   0|0x0000000081e00000, 0x0000000081f00000, 0x0000000081f00000|100%|HS|  |TAMS 0x0000000081e00000| PB 0x0000000081e00000| Complete 
|   1|0x0000000081f00000, 0x0000000082000000, 0x0000000082000000|100%|HC|  |TAMS 0x0000000081f00000| PB 0x0000000081f00000| Complete 
|   2|0x0000000082000000, 0x0000000082100000, 0x0000000082100000|100%|HC|  |TAMS 0x0000000082000000| PB 0x0000000082000000| Complete 
|   3|0x0000000082100000, 0x0000000082200000, 0x0000000082200000|100%|HC|  |TAMS 0x0000000082100000| PB 0x0000000082100000| Complete 
|   4|0x0000000082200000, 0x0000000082300000, 0x0000000082300000|100%|HC|  |TAMS 0x0000000082200000| PB 0x0000000082200000| Complete 
|   5|0x0000000082300000, 0x0000000082400000, 0x0000000082400000|100%|HC|  |TAMS 0x0000000082300000| PB 0x0000000082300000| Complete 
|   6|0x0000000082400000, 0x0000000082500000, 0x0000000082500000|100%|HC|  |TAMS 0x0000000082400000| PB 0x0000000082400000| Complete 
|   7|0x0000000082500000, 0x0000000082600000, 0x0000000082600000|100%|HC|  |TAMS 0x0000000082500000| PB 0x0000000082500000| Complete 
|   8|0x0000000082600000, 0x0000000082700000, 0x0000000082700000|100%|HS|  |TAMS 0x0000000082600000| PB 0x0000000082600000| Complete 
|   9|0x0000000082700000, 0x0000000082800000, 0x0000000082800000|100%|HC|  |TAMS 0x0000000082700000| PB 0x0000000082700000| Complete 
|  10|0x0000000082800000, 0x0000000082900000, 0x0000000082900000|100%|HC|  |TAMS 0x0000000082800000| PB 0x0000000082800000| Complete 
|  11|0x0000000082900000, 0x0000000082a00000, 0x0000000082a00000|100%|HC|  |TAMS 0x0000000082900000| PB 0x0000000082900000| Complete 
|  12|0x0000000082a00000, 0x0000000082b00000, 0x0000000082b00000|100%|HC|  |TAMS 0x0000000082a00000| PB 0x0000000082a00000| Complete 
|  13|0x0000000082b00000, 0x0000000082c00000, 0x0000000082c00000|100%|HS|  |TAMS 0x0000000082b00000| PB 0x0000000082b00000| Complete 
|  14|0x0000000082c00000, 0x0000000082d00000, 0x0000000082d00000|100%|HC|  |TAMS 0x0000000082c00000| PB 0x0000000082c00000| Complete 
|  15|0x0000000082d00000, 0x0000000082e00000, 0x0000000082e00000|100%|HC|  |TAMS 0x0000000082d00000| PB 0x0000000082d00000| Complete 
|  16|0x0000000082e00000, 0x0000000082f00000, 0x0000000082f00000|100%|HC|  |TAMS 0x0000000082e00000| PB 0x0000000082e00000| Complete 
|  17|0x0000000082f00000, 0x0000000083000000, 0x0000000083000000|100%| O|  |TAMS 0x0000000082f00000| PB 0x0000000082f00000| Untracked 
|  18|0x0000000083000000, 0x0000000083100000, 0x0000000083100000|100%|HS|  |TAMS 0x0000000083000000| PB 0x0000000083000000| Complete 
|  19|0x0000000083100000, 0x0000000083200000, 0x0000000083200000|100%|HC|  |TAMS 0x0000000083100000| PB 0x0000000083100000| Complete 
|  20|0x0000000083200000, 0x0000000083300000, 0x0000000083300000|100%| O|  |TAMS 0x0000000083200000| PB 0x0000000083200000| Untracked 
|  21|0x0000000083300000, 0x0000000083400000, 0x0000000083400000|100%| O|  |TAMS 0x0000000083300000| PB 0x0000000083300000| Untracked 
|  22|0x0000000083400000, 0x0000000083420400, 0x0000000083500000| 12%| O|  |TAMS 0x0000000083400000| PB 0x0000000083400000| Untracked 
|  23|0x0000000083500000, 0x0000000083600000, 0x0000000083600000|100%|HS|  |TAMS 0x0000000083500000| PB 0x0000000083500000| Complete 
|  24|0x0000000083600000, 0x0000000083700000, 0x0000000083700000|100%|HC|  |TAMS 0x0000000083600000| PB 0x0000000083600000| Complete 
|  25|0x0000000083700000, 0x0000000083800000, 0x0000000083800000|100%|HC|  |TAMS 0x0000000083700000| PB 0x0000000083700000| Complete 
|  26|0x0000000083800000, 0x0000000083900000, 0x0000000083900000|100%|HC|  |TAMS 0x0000000083800000| PB 0x0000000083800000| Complete 
|  27|0x0000000083900000, 0x0000000083900000, 0x0000000083a00000|  0%| F|  |TAMS 0x0000000083900000| PB 0x0000000083900000| Untracked 
|  28|0x0000000083a00000, 0x0000000083a00000, 0x0000000083b00000|  0%| F|  |TAMS 0x0000000083a00000| PB 0x0000000083a00000| Untracked 
|  29|0x0000000083b00000, 0x0000000083b00000, 0x0000000083c00000|  0%| F|  |TAMS 0x0000000083b00000| PB 0x0000000083b00000| Untracked 
|  30|0x0000000083c00000, 0x0000000083c00000, 0x0000000083d00000|  0%| F|  |TAMS 0x0000000083c00000| PB 0x0000000083c00000| Untracked 
|  31|0x0000000083d00000, 0x0000000083d00000, 0x0000000083e00000|  0%| F|  |TAMS 0x0000000083d00000| PB 0x0000000083d00000| Untracked 
|  32|0x0000000083e00000, 0x0000000083e00000, 0x0000000083f00000|  0%| F|  |TAMS 0x0000000083e00000| PB 0x0000000083e00000| Untracked 
|  33|0x0000000083f00000, 0x0000000083f00000, 0x0000000084000000|  0%| F|  |TAMS 0x0000000083f00000| PB 0x0000000083f00000| Untracked 
|  34|0x0000000084000000, 0x0000000084000000, 0x0000000084100000|  0%| F|  |TAMS 0x0000000084000000| PB 0x0000000084000000| Untracked 
|  35|0x0000000084100000, 0x0000000084100000, 0x0000000084200000|  0%| F|  |TAMS 0x0000000084100000| PB 0x0000000084100000| Untracked 
|  36|0x0000000084200000, 0x0000000084200000, 0x0000000084300000|  0%| F|  |TAMS 0x0000000084200000| PB 0x0000000084200000| Untracked 
|  37|0x0000000084300000, 0x0000000084300000, 0x0000000084400000|  0%| F|  |TAMS 0x0000000084300000| PB 0x0000000084300000| Untracked 
|  38|0x0000000084400000, 0x0000000084400000, 0x0000000084500000|  0%| F|  |TAMS 0x0000000084400000| PB 0x0000000084400000| Untracked 
|  39|0x0000000084500000, 0x0000000084500000, 0x0000000084600000|  0%| F|  |TAMS 0x0000000084500000| PB 0x0000000084500000| Untracked 
|  40|0x0000000084600000, 0x0000000084600000, 0x0000000084700000|  0%| F|  |TAMS 0x0000000084600000| PB 0x0000000084600000| Untracked 
|  41|0x0000000084700000, 0x0000000084700000, 0x0000000084800000|  0%| F|  |TAMS 0x0000000084700000| PB 0x0000000084700000| Untracked 
|  42|0x0000000084800000, 0x0000000084800000, 0x0000000084900000|  0%| F|  |TAMS 0x0000000084800000| PB 0x0000000084800000| Untracked 
|  43|0x0000000084900000, 0x0000000084900000, 0x0000000084a00000|  0%| F|  |TAMS 0x0000000084900000| PB 0x0000000084900000| Untracked 
|  44|0x0000000084a00000, 0x0000000084a00000, 0x0000000084b00000|  0%| F|  |TAMS 0x0000000084a00000| PB 0x0000000084a00000| Untracked 
|  45|0x0000000084b00000, 0x0000000084b00000, 0x0000000084c00000|  0%| F|  |TAMS 0x0000000084b00000| PB 0x0000000084b00000| Untracked 
|  46|0x0000000084c00000, 0x0000000084c00000, 0x0000000084d00000|  0%| F|  |TAMS 0x0000000084c00000| PB 0x0000000084c00000| Untracked 
|  47|0x0000000084d00000, 0x0000000084d00000, 0x0000000084e00000|  0%| F|  |TAMS 0x0000000084d00000| PB 0x0000000084d00000| Untracked 
|  48|0x0000000084e00000, 0x0000000084e00000, 0x0000000084f00000|  0%| F|  |TAMS 0x0000000084e00000| PB 0x0000000084e00000| Untracked 
|  49|0x0000000084f00000, 0x0000000084f00000, 0x0000000085000000|  0%| F|  |TAMS 0x0000000084f00000| PB 0x0000000084f00000| Untracked 
|  50|0x0000000085000000, 0x0000000085000000, 0x0000000085100000|  0%| F|  |TAMS 0x0000000085000000| PB 0x0000000085000000| Untracked 
|  51|0x0000000085100000, 0x0000000085100000, 0x0000000085200000|  0%| F|  |TAMS 0x0000000085100000| PB 0x0000000085100000| Untracked 
|  52|0x0000000085200000, 0x0000000085200000, 0x0000000085300000|  0%| F|  |TAMS 0x0000000085200000| PB 0x0000000085200000| Untracked 
|  53|0x0000000085300000, 0x0000000085300000, 0x0000000085400000|  0%| F|  |TAMS 0x0000000085300000| PB 0x0000000085300000| Untracked 
|  54|0x0000000085400000, 0x0000000085400000, 0x0000000085500000|  0%| F|  |TAMS 0x0000000085400000| PB 0x0000000085400000| Untracked 
|  55|0x0000000085500000, 0x0000000085500000, 0x0000000085600000|  0%| F|  |TAMS 0x0000000085500000| PB 0x0000000085500000| Untracked 
|  56|0x0000000085600000, 0x0000000085600000, 0x0000000085700000|  0%| F|  |TAMS 0x0000000085600000| PB 0x0000000085600000| Untracked 
|  57|0x0000000085700000, 0x0000000085700000, 0x0000000085800000|  0%| F|  |TAMS 0x0000000085700000| PB 0x0000000085700000| Untracked 
|  58|0x0000000085800000, 0x0000000085800000, 0x0000000085900000|  0%| F|  |TAMS 0x0000000085800000| PB 0x0000000085800000| Untracked 
|  59|0x0000000085900000, 0x0000000085900000, 0x0000000085a00000|  0%| F|  |TAMS 0x0000000085900000| PB 0x0000000085900000| Untracked 
|  60|0x0000000085a00000, 0x0000000085a00000, 0x0000000085b00000|  0%| F|  |TAMS 0x0000000085a00000| PB 0x0000000085a00000| Untracked 
|  61|0x0000000085b00000, 0x0000000085b00000, 0x0000000085c00000|  0%| F|  |TAMS 0x0000000085b00000| PB 0x0000000085b00000| Untracked 
|  62|0x0000000085c00000, 0x0000000085c00000, 0x0000000085d00000|  0%| F|  |TAMS 0x0000000085c00000| PB 0x0000000085c00000| Untracked 
|  63|0x0000000085d00000, 0x0000000085d00000, 0x0000000085e00000|  0%| F|  |TAMS 0x0000000085d00000| PB 0x0000000085d00000| Untracked 
|  64|0x0000000085e00000, 0x0000000085e00000, 0x0000000085f00000|  0%| F|  |TAMS 0x0000000085e00000| PB 0x0000000085e00000| Untracked 
|  65|0x0000000085f00000, 0x0000000085f00000, 0x0000000086000000|  0%| F|  |TAMS 0x0000000085f00000| PB 0x0000000085f00000| Untracked 
|  66|0x0000000086000000, 0x0000000086000000, 0x0000000086100000|  0%| F|  |TAMS 0x0000000086000000| PB 0x0000000086000000| Untracked 
|  67|0x0000000086100000, 0x0000000086100000, 0x0000000086200000|  0%| F|  |TAMS 0x0000000086100000| PB 0x0000000086100000| Untracked 
|  68|0x0000000086200000, 0x0000000086200000, 0x0000000086300000|  0%| F|  |TAMS 0x0000000086200000| PB 0x0000000086200000| Untracked 
|  69|0x0000000086300000, 0x0000000086300000, 0x0000000086400000|  0%| F|  |TAMS 0x0000000086300000| PB 0x0000000086300000| Untracked 
|  70|0x0000000086400000, 0x0000000086400000, 0x0000000086500000|  0%| F|  |TAMS 0x0000000086400000| PB 0x0000000086400000| Untracked 
|  71|0x0000000086500000, 0x0000000086500000, 0x0000000086600000|  0%| F|  |TAMS 0x0000000086500000| PB 0x0000000086500000| Untracked 
|  72|0x0000000086600000, 0x0000000086600000, 0x0000000086700000|  0%| F|  |TAMS 0x0000000086600000| PB 0x0000000086600000| Untracked 
|  73|0x0000000086700000, 0x0000000086700000, 0x0000000086800000|  0%| F|  |TAMS 0x0000000086700000| PB 0x0000000086700000| Untracked 
|  74|0x0000000086800000, 0x0000000086800000, 0x0000000086900000|  0%| F|  |TAMS 0x0000000086800000| PB 0x0000000086800000| Untracked 
|  75|0x0000000086900000, 0x0000000086900000, 0x0000000086a00000|  0%| F|  |TAMS 0x0000000086900000| PB 0x0000000086900000| Untracked 
|  76|0x0000000086a00000, 0x0000000086a00000, 0x0000000086b00000|  0%| F|  |TAMS 0x0000000086a00000| PB 0x0000000086a00000| Untracked 
|  77|0x0000000086b00000, 0x0000000086b00000, 0x0000000086c00000|  0%| F|  |TAMS 0x0000000086b00000| PB 0x0000000086b00000| Untracked 
|  78|0x0000000086c00000, 0x0000000086c00000, 0x0000000086d00000|  0%| F|  |TAMS 0x0000000086c00000| PB 0x0000000086c00000| Untracked 
|  79|0x0000000086d00000, 0x0000000086d00000, 0x0000000086e00000|  0%| F|  |TAMS 0x0000000086d00000| PB 0x0000000086d00000| Untracked 
|  80|0x0000000086e00000, 0x0000000086e00000, 0x0000000086f00000|  0%| F|  |TAMS 0x0000000086e00000| PB 0x0000000086e00000| Untracked 
|  81|0x0000000086f00000, 0x0000000086f00000, 0x0000000087000000|  0%| F|  |TAMS 0x0000000086f00000| PB 0x0000000086f00000| Untracked 
|  82|0x0000000087000000, 0x0000000087000000, 0x0000000087100000|  0%| F|  |TAMS 0x0000000087000000| PB 0x0000000087000000| Untracked 
|  83|0x0000000087100000, 0x0000000087100000, 0x0000000087200000|  0%| F|  |TAMS 0x0000000087100000| PB 0x0000000087100000| Untracked 
|  84|0x0000000087200000, 0x0000000087200000, 0x0000000087300000|  0%| F|  |TAMS 0x0000000087200000| PB 0x0000000087200000| Untracked 
|  85|0x0000000087300000, 0x0000000087300000, 0x0000000087400000|  0%| F|  |TAMS 0x0000000087300000| PB 0x0000000087300000| Untracked 
|  86|0x0000000087400000, 0x0000000087400000, 0x0000000087500000|  0%| F|  |TAMS 0x0000000087400000| PB 0x0000000087400000| Untracked 
|  87|0x0000000087500000, 0x0000000087500000, 0x0000000087600000|  0%| F|  |TAMS 0x0000000087500000| PB 0x0000000087500000| Untracked 
|  88|0x0000000087600000, 0x0000000087600000, 0x0000000087700000|  0%| F|  |TAMS 0x0000000087600000| PB 0x0000000087600000| Untracked 
|  89|0x0000000087700000, 0x0000000087800000, 0x0000000087800000|100%| S|CS|TAMS 0x0000000087700000| PB 0x0000000087700000| Complete 
|  90|0x0000000087800000, 0x0000000087900000, 0x0000000087900000|100%| S|CS|TAMS 0x0000000087800000| PB 0x0000000087800000| Complete 
|  91|0x0000000087900000, 0x0000000087a00000, 0x0000000087a00000|100%| S|CS|TAMS 0x0000000087900000| PB 0x0000000087900000| Complete 
|  92|0x0000000087a00000, 0x0000000087b00000, 0x0000000087b00000|100%| S|CS|TAMS 0x0000000087a00000| PB 0x0000000087a00000| Complete 
|  93|0x0000000087b00000, 0x0000000087c00000, 0x0000000087c00000|100%| S|CS|TAMS 0x0000000087b00000| PB 0x0000000087b00000| Complete 
|  94|0x0000000087c00000, 0x0000000087c00000, 0x0000000087d00000|  0%| F|  |TAMS 0x0000000087c00000| PB 0x0000000087c00000| Untracked 
|  95|0x0000000087d00000, 0x0000000087d00000, 0x0000000087e00000|  0%| F|  |TAMS 0x0000000087d00000| PB 0x0000000087d00000| Untracked 
|  96|0x0000000087e00000, 0x0000000087e00000, 0x0000000087f00000|  0%| F|  |TAMS 0x0000000087e00000| PB 0x0000000087e00000| Untracked 
|  97|0x0000000087f00000, 0x0000000087f00000, 0x0000000088000000|  0%| F|  |TAMS 0x0000000087f00000| PB 0x0000000087f00000| Untracked 
|  98|0x0000000088000000, 0x0000000088000000, 0x0000000088100000|  0%| F|  |TAMS 0x0000000088000000| PB 0x0000000088000000| Untracked 
|  99|0x0000000088100000, 0x0000000088100000, 0x0000000088200000|  0%| F|  |TAMS 0x0000000088100000| PB 0x0000000088100000| Untracked 
| 100|0x0000000088200000, 0x0000000088200000, 0x0000000088300000|  0%| F|  |TAMS 0x0000000088200000| PB 0x0000000088200000| Untracked 
| 101|0x0000000088300000, 0x0000000088300000, 0x0000000088400000|  0%| F|  |TAMS 0x0000000088300000| PB 0x0000000088300000| Untracked 
| 102|0x0000000088400000, 0x0000000088400000, 0x0000000088500000|  0%| F|  |TAMS 0x0000000088400000| PB 0x0000000088400000| Untracked 
| 103|0x0000000088500000, 0x0000000088500000, 0x0000000088600000|  0%| F|  |TAMS 0x0000000088500000| PB 0x0000000088500000| Untracked 
| 104|0x0000000088600000, 0x0000000088600000, 0x0000000088700000|  0%| F|  |TAMS 0x0000000088600000| PB 0x0000000088600000| Untracked 
| 105|0x0000000088700000, 0x0000000088700000, 0x0000000088800000|  0%| F|  |TAMS 0x0000000088700000| PB 0x0000000088700000| Untracked 
| 106|0x0000000088800000, 0x0000000088800000, 0x0000000088900000|  0%| F|  |TAMS 0x0000000088800000| PB 0x0000000088800000| Untracked 
| 107|0x0000000088900000, 0x0000000088900000, 0x0000000088a00000|  0%| F|  |TAMS 0x0000000088900000| PB 0x0000000088900000| Untracked 
| 108|0x0000000088a00000, 0x0000000088a00000, 0x0000000088b00000|  0%| F|  |TAMS 0x0000000088a00000| PB 0x0000000088a00000| Untracked 
| 109|0x0000000088b00000, 0x0000000088b00000, 0x0000000088c00000|  0%| F|  |TAMS 0x0000000088b00000| PB 0x0000000088b00000| Untracked 
| 110|0x0000000088c00000, 0x0000000088c00000, 0x0000000088d00000|  0%| F|  |TAMS 0x0000000088c00000| PB 0x0000000088c00000| Untracked 
| 111|0x0000000088d00000, 0x0000000088d00000, 0x0000000088e00000|  0%| F|  |TAMS 0x0000000088d00000| PB 0x0000000088d00000| Untracked 
| 112|0x0000000088e00000, 0x0000000088e00000, 0x0000000088f00000|  0%| F|  |TAMS 0x0000000088e00000| PB 0x0000000088e00000| Untracked 
| 113|0x0000000088f00000, 0x0000000088f00000, 0x0000000089000000|  0%| F|  |TAMS 0x0000000088f00000| PB 0x0000000088f00000| Untracked 
| 114|0x0000000089000000, 0x0000000089000000, 0x0000000089100000|  0%| F|  |TAMS 0x0000000089000000| PB 0x0000000089000000| Untracked 
| 115|0x0000000089100000, 0x0000000089100000, 0x0000000089200000|  0%| F|  |TAMS 0x0000000089100000| PB 0x0000000089100000| Untracked 
| 116|0x0000000089200000, 0x00000000892664d0, 0x0000000089300000| 39%| E|  |TAMS 0x0000000089200000| PB 0x0000000089200000| Complete 
| 117|0x0000000089300000, 0x0000000089400000, 0x0000000089400000|100%| E|CS|TAMS 0x0000000089300000| PB 0x0000000089300000| Complete 
| 118|0x0000000089400000, 0x0000000089500000, 0x0000000089500000|100%| E|CS|TAMS 0x0000000089400000| PB 0x0000000089400000| Complete 
| 119|0x0000000089500000, 0x0000000089600000, 0x0000000089600000|100%| E|CS|TAMS 0x0000000089500000| PB 0x0000000089500000| Complete 
| 120|0x0000000089600000, 0x0000000089700000, 0x0000000089700000|100%| E|CS|TAMS 0x0000000089600000| PB 0x0000000089600000| Complete 
| 121|0x0000000089700000, 0x0000000089800000, 0x0000000089800000|100%| E|CS|TAMS 0x0000000089700000| PB 0x0000000089700000| Complete 
| 122|0x0000000089800000, 0x0000000089900000, 0x0000000089900000|100%| E|CS|TAMS 0x0000000089800000| PB 0x0000000089800000| Complete 
| 123|0x0000000089900000, 0x0000000089a00000, 0x0000000089a00000|100%| E|CS|TAMS 0x0000000089900000| PB 0x0000000089900000| Complete 
| 124|0x0000000089a00000, 0x0000000089b00000, 0x0000000089b00000|100%| E|CS|TAMS 0x0000000089a00000| PB 0x0000000089a00000| Complete 
| 125|0x0000000089b00000, 0x0000000089c00000, 0x0000000089c00000|100%| E|CS|TAMS 0x0000000089b00000| PB 0x0000000089b00000| Complete 
| 126|0x0000000089c00000, 0x0000000089d00000, 0x0000000089d00000|100%| E|CS|TAMS 0x0000000089c00000| PB 0x0000000089c00000| Complete 
| 127|0x0000000089d00000, 0x0000000089e00000, 0x0000000089e00000|100%| E|CS|TAMS 0x0000000089d00000| PB 0x0000000089d00000| Complete 

Card table byte_map: [0x0000012fe67e0000,0x0000012fe6be0000] _byte_map_base: 0x0000012fe63d1000

Marking Bits: (CMBitMap*) 0x0000012fccd2fae0
 Bits: [0x0000012fe6be0000, 0x0000012fe8b68000)

Polling page: 0x0000012fccdb0000

Metaspace:

Usage:
  Non-class:     18.50 MB used.
      Class:      2.23 MB used.
       Both:     20.73 MB used.

Virtual space:
  Non-class space:       64.00 MB reserved,      18.62 MB ( 29%) committed,  1 nodes.
      Class space:        1.00 GB reserved,       2.38 MB ( <1%) committed,  1 nodes.
             Both:        1.06 GB reserved,      21.00 MB (  2%) committed. 

Chunk freelists:
   Non-Class:  12.90 MB
       Class:  13.59 MB
        Both:  26.50 MB

MaxMetaspaceSize: unlimited
CompressedClassSpaceSize: 1.00 GB
Initial GC threshold: 21.00 MB
Current GC threshold: 21.00 MB
CDS: on
 - commit_granule_bytes: 65536.
 - commit_granule_words: 8192.
 - virtual_space_node_default_size: 8388608.
 - enlarge_chunks_in_place: 1.
 - use_allocation_guard: 0.


Internal statistics:

num_allocs_failed_limit: 0.
num_arena_births: 240.
num_arena_deaths: 0.
num_vsnodes_births: 2.
num_vsnodes_deaths: 0.
num_space_committed: 336.
num_space_uncommitted: 0.
num_chunks_returned_to_freelist: 0.
num_chunks_taken_from_freelist: 460.
num_chunk_merges: 0.
num_chunk_splits: 277.
num_chunks_enlarged: 143.
num_inconsistent_stats: 0.

CodeHeap 'non-profiled nmethods': size=120000Kb used=1860Kb max_used=1860Kb free=118139Kb
 bounds [0x0000012fde430000, 0x0000012fde6a0000, 0x0000012fe5960000]
CodeHeap 'profiled nmethods': size=120000Kb used=7620Kb max_used=7620Kb free=112379Kb
 bounds [0x0000012fd6960000, 0x0000012fd70e0000, 0x0000012fdde90000]
CodeHeap 'non-nmethods': size=5760Kb used=1742Kb max_used=1830Kb free=4017Kb
 bounds [0x0000012fdde90000, 0x0000012fde100000, 0x0000012fde430000]
 total_blobs=4707 nmethods=3942 adapters=669
 compilation: enabled
              stopped_count=0, restarted_count=0
 full_count=0

Compilation events (20 events):
Event: 190.102 Thread 0x0000012feb63e890 nmethod 3933 0x0000012fde5ff790 code [0x0000012fde5ff900, 0x0000012fde5ff998]
Event: 190.103 Thread 0x0000012feb63f990 3935       3       sun.swing.DefaultLookup::getColor (8 bytes)
Event: 190.103 Thread 0x0000012feb63f990 nmethod 3935 0x0000012fd70cd690 code [0x0000012fd70cd840, 0x0000012fd70cd960]
Event: 190.103 Thread 0x0000012feb63e890 3936       4       java.awt.Component::getBackground (29 bytes)
Event: 190.104 Thread 0x0000012feb63e890 nmethod 3936 0x0000012fde5ffa90 code [0x0000012fde5ffc20, 0x0000012fde5ffcf0]
Event: 190.104 Thread 0x0000012feb63e890 3937       4       sun.java2d.SunGraphics2D::setColor (108 bytes)
Event: 190.109 Thread 0x0000012feb63e890 nmethod 3937 0x0000012fde5ffd90 code [0x0000012fde5fff60, 0x0000012fde600460]
Event: 190.472 Thread 0x0000012feb63e890 3938  s    4       sun.java2d.loops.GraphicsPrimitive::makeUniqueID (26 bytes)
Event: 190.473 Thread 0x0000012feb63f990 3939       3       javax.swing.text.DefaultCaret$Handler::propertyChange (273 bytes)
Event: 190.473 Thread 0x0000012feb63e890 nmethod 3938 0x0000012fde600790 code [0x0000012fde600920, 0x0000012fde600b68]
Event: 190.474 Thread 0x0000012feb63f990 nmethod 3939 0x0000012fd70cda10 code [0x0000012fd70cddc0, 0x0000012fd70cf9b8]
Event: 190.485 Thread 0x0000012feb63e890 3940       4       java.beans.PropertyChangeSupport::fire (39 bytes)
Event: 190.486 Thread 0x0000012feb63e890 nmethod 3940 0x0000012fde600c90 code [0x0000012fde600e20, 0x0000012fde600f38]
Event: 190.676 Thread 0x0000012feb63f990 3941  s    3       sun.java2d.loops.GraphicsPrimitiveMgr::locatePrim (95 bytes)
Event: 190.676 Thread 0x0000012feb63f990 nmethod 3941 0x0000012fd70d0110 code [0x0000012fd70d0320, 0x0000012fd70d0b90]
Event: 190.681 Thread 0x0000012feb63f990 3942       3       java.awt.image.DirectColorModel::getRedMask (7 bytes)
Event: 190.681 Thread 0x0000012feb63f990 nmethod 3942 0x0000012fd70d0f90 code [0x0000012fd70d1120, 0x0000012fd70d1258]
Event: 190.684 Thread 0x0000012feb63e890 3944   !   4       java.awt.Component::firePropertyChange (59 bytes)
Event: 190.684 Thread 0x0000012feb63f990 3943       1       sun.java2d.SurfaceData::getDisposerReferent (5 bytes)
Event: 190.684 Thread 0x0000012feb63f990 nmethod 3943 0x0000012fde601010 code [0x0000012fde6011a0, 0x0000012fde601268]

GC Heap History (4 events):
Event: 7.762 GC heap before
{Heap before GC invocations=0 (full 0):
 garbage-first heap   total 131072K, used 40960K [0x0000000081e00000, 0x0000000100000000)
  region size 1024K, 23 young (23552K), 0 survivors (0K)
 Metaspace       used 8428K, committed 8640K, reserved 1114112K
  class space    used 928K, committed 1024K, reserved 1048576K
}
Event: 7.775 GC heap after
{Heap after GC invocations=1 (full 0):
 garbage-first heap   total 131072K, used 20501K [0x0000000081e00000, 0x0000000100000000)
  region size 1024K, 3 young (3072K), 3 survivors (3072K)
 Metaspace       used 8428K, committed 8640K, reserved 1114112K
  class space    used 928K, committed 1024K, reserved 1048576K
}
Event: 150.198 GC heap before
{Heap before GC invocations=1 (full 0):
 garbage-first heap   total 131072K, used 53269K [0x0000000081e00000, 0x0000000100000000)
  region size 1024K, 34 young (34816K), 3 survivors (3072K)
 Metaspace       used 20759K, committed 21056K, reserved 1114112K
  class space    used 2279K, committed 2432K, reserved 1048576K
}
Event: 150.215 GC heap after
{Heap after GC invocations=2 (full 0):
 garbage-first heap   total 131072K, used 27777K [0x0000000081e00000, 0x0000000100000000)
  region size 1024K, 5 young (5120K), 5 survivors (5120K)
 Metaspace       used 20759K, committed 21056K, reserved 1114112K
  class space    used 2279K, committed 2432K, reserved 1048576K
}

Dll operation events (15 events):
Event: 0.007 Loaded shared library C:\Program Files\Java\jdk-21\bin\java.dll
Event: 0.037 Loaded shared library C:\Program Files\Java\jdk-21\bin\jsvml.dll
Event: 0.077 Loaded shared library C:\Program Files\Java\jdk-21\bin\zip.dll
Event: 0.080 Loaded shared library C:\Program Files\Java\jdk-21\bin\instrument.dll
Event: 0.084 Loaded shared library C:\Program Files\Java\jdk-21\bin\net.dll
Event: 0.086 Loaded shared library C:\Program Files\Java\jdk-21\bin\nio.dll
Event: 0.090 Loaded shared library C:\Program Files\Java\jdk-21\bin\zip.dll
Event: 0.100 Loaded shared library F:\IntelliJ IDEA Community Edition 2024.2.3\bin\breakgen64.dll
Event: 0.107 Loaded shared library C:\Program Files\Java\jdk-21\bin\extnet.dll
Event: 0.130 Loaded shared library C:\Program Files\Java\jdk-21\bin\jimage.dll
Event: 0.143 Loaded shared library C:\Program Files\Java\jdk-21\bin\awt.dll
Event: 0.368 Loaded shared library C:\Program Files\Java\jdk-21\bin\javajpeg.dll
Event: 0.521 Loaded shared library C:\Program Files\Java\jdk-21\bin\freetype.dll
Event: 0.523 Loaded shared library C:\Program Files\Java\jdk-21\bin\fontmanager.dll
Event: 8.076 Loaded shared library C:\Program Files\Java\jdk-21\bin\sunmscapi.dll

Deoptimization events (20 events):
Event: 178.647 Thread 0x0000012ff0e50760 Uncommon trap: trap_request=0xffffffbe fr.pc=0x0000012fde5d5584 relative=0x0000000000000b04
Event: 178.647 Thread 0x0000012ff0e50760 Uncommon trap: reason=profile_predicate action=maybe_recompile pc=0x0000012fde5d5584 method=java.math.BigInteger.montReduce([I[III)[I @ 56 c2
Event: 178.647 Thread 0x0000012ff0e50760 DEOPT PACKING pc=0x0000012fde5d5584 sp=0x0000000e052fd0f0
Event: 178.647 Thread 0x0000012ff0e50760 DEOPT UNPACKING pc=0x0000012fddee46a2 sp=0x0000000e052fd0b8 mode 2
Event: 178.647 Thread 0x0000012ff0e50760 Uncommon trap: trap_request=0xffffffbe fr.pc=0x0000012fde5d5584 relative=0x0000000000000b04
Event: 178.647 Thread 0x0000012ff0e50760 Uncommon trap: reason=profile_predicate action=maybe_recompile pc=0x0000012fde5d5584 method=java.math.BigInteger.montReduce([I[III)[I @ 56 c2
Event: 178.647 Thread 0x0000012ff0e50760 DEOPT PACKING pc=0x0000012fde5d5584 sp=0x0000000e052fd0f0
Event: 178.647 Thread 0x0000012ff0e50760 DEOPT UNPACKING pc=0x0000012fddee46a2 sp=0x0000000e052fd0b8 mode 2
Event: 178.647 Thread 0x0000012ff0e50760 Uncommon trap: trap_request=0xffffffbe fr.pc=0x0000012fde5d5584 relative=0x0000000000000b04
Event: 178.647 Thread 0x0000012ff0e50760 Uncommon trap: reason=profile_predicate action=maybe_recompile pc=0x0000012fde5d5584 method=java.math.BigInteger.montReduce([I[III)[I @ 56 c2
Event: 178.647 Thread 0x0000012ff0e50760 DEOPT PACKING pc=0x0000012fde5d5584 sp=0x0000000e052fd0f0
Event: 178.647 Thread 0x0000012ff0e50760 DEOPT UNPACKING pc=0x0000012fddee46a2 sp=0x0000000e052fd0b8 mode 2
Event: 178.647 Thread 0x0000012ff0e50760 DEOPT PACKING pc=0x0000012fd6ed6c9f sp=0x0000000e052fd0c0
Event: 178.647 Thread 0x0000012ff0e50760 DEOPT UNPACKING pc=0x0000012fddee4e42 sp=0x0000000e052fc540 mode 0
Event: 178.647 Thread 0x0000012ff0e50760 Uncommon trap: trap_request=0xffffffbe fr.pc=0x0000012fde5d5584 relative=0x0000000000000b04
Event: 178.647 Thread 0x0000012ff0e50760 Uncommon trap: reason=profile_predicate action=maybe_recompile pc=0x0000012fde5d5584 method=java.math.BigInteger.montReduce([I[III)[I @ 56 c2
Event: 178.647 Thread 0x0000012ff0e50760 DEOPT PACKING pc=0x0000012fde5d5584 sp=0x0000000e052fd0f0
Event: 178.647 Thread 0x0000012ff0e50760 DEOPT UNPACKING pc=0x0000012fddee46a2 sp=0x0000000e052fd0b8 mode 2
Event: 184.872 Thread 0x0000012ff0e50760 DEOPT PACKING pc=0x0000012fd6e9f43f sp=0x0000000e052fd400
Event: 184.872 Thread 0x0000012ff0e50760 DEOPT UNPACKING pc=0x0000012fddee4e42 sp=0x0000000e052fc888 mode 0

Classes loaded (20 events):
Event: 125.734 Loading class javax/swing/JTable$GenericEditor
Event: 125.735 Loading class javax/swing/JTable$GenericEditor done
Event: 125.737 Loading class javax/swing/DefaultCellEditor$1
Event: 125.737 Loading class javax/swing/DefaultCellEditor$EditorDelegate
Event: 125.737 Loading class javax/swing/DefaultCellEditor$EditorDelegate done
Event: 125.737 Loading class javax/swing/DefaultCellEditor$1 done
Event: 125.753 Loading class javax/swing/plaf/BorderUIResource$LineBorderUIResource
Event: 125.754 Loading class javax/swing/plaf/BorderUIResource$LineBorderUIResource done
Event: 150.216 Loading class sun/security/ssl/Alert
Event: 150.216 Loading class sun/security/ssl/Alert done
Event: 150.217 Loading class sun/security/ssl/Alert$AlertConsumer
Event: 150.217 Loading class sun/security/ssl/Alert$AlertConsumer done
Event: 150.217 Loading class sun/security/ssl/Alert$Level
Event: 150.217 Loading class sun/security/ssl/Alert$Level done
Event: 190.080 Loading class java/util/WeakHashMap$KeyIterator
Event: 190.080 Loading class java/util/WeakHashMap$HashIterator
Event: 190.080 Loading class java/util/WeakHashMap$HashIterator done
Event: 190.080 Loading class java/util/WeakHashMap$KeyIterator done
Event: 190.081 Loading class javax/swing/RepaintManager$DisplayChangedRunnable
Event: 190.081 Loading class javax/swing/RepaintManager$DisplayChangedRunnable done

Classes unloaded (0 events):
No events

Classes redefined (0 events):
No events

Internal exceptions (20 events):
Event: 0.108 Thread 0x0000012feb9e41c0 Exception <a 'java/lang/NoSuchMethodError'{0x0000000089bf4bf0}: 'void java.lang.invoke.DirectMethodHandle$Holder.invokeStatic(java.lang.Object, java.lang.Object)'> (0x0000000089bf4bf0) 
thrown [s\open\src\hotspot\share\interpreter\linkResolver.cpp, line 773]
Event: 0.134 Thread 0x0000012fcccd7790 Exception <a 'java/lang/ClassNotFoundException'{0x0000000089b99678}: sun/awt/resources/spi/awtProvider> (0x0000000089b99678) 
thrown [s\open\src\hotspot\share\classfile\systemDictionary.cpp, line 312]
Event: 0.152 Thread 0x0000012fcccd7790 Exception <a 'java/io/FileNotFoundException'{0x0000000089bebde0}> (0x0000000089bebde0) 
thrown [s\open\src\hotspot\share\prims\jni.cpp, line 520]
Event: 0.158 Thread 0x0000012fcccd7790 Exception <a 'java/io/FileNotFoundException'{0x0000000089917ab0}> (0x0000000089917ab0) 
thrown [s\open\src\hotspot\share\prims\jni.cpp, line 520]
Event: 0.227 Thread 0x0000012fcccd7790 Exception <a 'java/lang/NoSuchMethodError'{0x00000000899aaa20}: 'void java.lang.invoke.DirectMethodHandle$Holder.invokeSpecial(java.lang.Object, java.lang.Object, java.lang.Object)'> (0x00000000899aaa20) 
thrown [s\open\src\hotspot\share\interpreter\linkResolver.cpp, line 773]
Event: 0.232 Thread 0x0000012fcccd7790 Exception <a 'java/lang/NoSuchMethodError'{0x00000000899d0070}: 'java.lang.Object java.lang.invoke.DirectMethodHandle$Holder.newInvokeSpecial(java.lang.Object, java.lang.Object, java.lang.Object, java.lang.Object, java.lang.Object)'> (0x00000000899d0070) 
thrown [s\open\src\hotspot\share\interpreter\linkResolver.cpp, line 773]
Event: 0.237 Thread 0x0000012fcccd7790 Exception <a 'java/lang/NoSuchMethodError'{0x00000000898863d8}: 'java.lang.Object java.lang.invoke.DirectMethodHandle$Holder.invokeStatic(java.lang.Object, int, java.lang.Object)'> (0x00000000898863d8) 
thrown [s\open\src\hotspot\share\interpreter\linkResolver.cpp, line 773]
Event: 0.257 Thread 0x0000012fcccd7790 Exception <a 'java/lang/ClassNotFoundException'{0x0000000089726170}: com/sun/swing/internal/plaf/metal/resources/spi/metalProvider> (0x0000000089726170) 
thrown [s\open\src\hotspot\share\classfile\systemDictionary.cpp, line 312]
Event: 0.258 Thread 0x0000012fcccd7790 Exception <a 'java/lang/ClassNotFoundException'{0x000000008972a120}: com/sun/swing/internal/plaf/basic/resources/spi/basicProvider> (0x000000008972a120) 
thrown [s\open\src\hotspot\share\classfile\systemDictionary.cpp, line 312]
Event: 0.265 Thread 0x0000012fcccd7790 Exception <a 'java/lang/NoSuchMethodError'{0x0000000089746260}: 'int java.lang.invoke.Invokers$Holder.invokeExact_MT(java.lang.Object, java.lang.Object)'> (0x0000000089746260) 
thrown [s\open\src\hotspot\share\interpreter\linkResolver.cpp, line 773]
Event: 0.371 Thread 0x0000012febb18270 Exception <a 'java/lang/NoSuchMethodError'{0x0000000089519458}: 'java.lang.Object java.lang.invoke.DirectMethodHandle$Holder.newInvokeSpecial(java.lang.Object, java.lang.Object, java.lang.Object, int, int, int, int, int)'> (0x0000000089519458) 
thrown [s\open\src\hotspot\share\interpreter\linkResolver.cpp, line 773]
Event: 0.502 Thread 0x0000012febabd320 Exception <a 'java/lang/NoSuchMethodError'{0x000000008980e4e8}: 'void java.lang.invoke.DirectMethodHandle$Holder.invokeVirtual(java.lang.Object, java.lang.Object)'> (0x000000008980e4e8) 
thrown [s\open\src\hotspot\share\interpreter\linkResolver.cpp, line 773]
Event: 0.517 Thread 0x0000012fcccd7790 Exception <a 'java/lang/NoSuchMethodError'{0x0000000088891f68}: 'void java.lang.invoke.DirectMethodHandle$Holder.invokeStaticInit(java.lang.Object)'> (0x0000000088891f68) 
thrown [s\open\src\hotspot\share\interpreter\linkResolver.cpp, line 773]
Event: 7.841 Thread 0x0000012febb1a690 Implicit null exception at 0x0000012fde469a40 to 0x0000012fde46a130
Event: 7.887 Thread 0x0000012ff0e50760 Exception <a 'java/lang/NoSuchMethodError'{0x0000000089a85130}: 'java.lang.Object java.lang.invoke.DirectMethodHandle$Holder.invokeInterface(java.lang.Object, java.lang.Object)'> (0x0000000089a85130) 
thrown [s\open\src\hotspot\share\interpreter\linkResolver.cpp, line 773]
Event: 7.906 Thread 0x0000012ff0e50760 Exception <a 'java/lang/NoSuchMethodError'{0x000000008990f2f8}: 'java.lang.Object java.lang.invoke.DirectMethodHandle$Holder.invokeVirtual(java.lang.Object, java.lang.Object, java.lang.Object)'> (0x000000008990f2f8) 
thrown [s\open\src\hotspot\share\interpreter\linkResolver.cpp, line 773]
Event: 8.167 Thread 0x0000012ff0e50760 Exception <a 'sun/nio/fs/WindowsException'{0x0000000088e58ac0}> (0x0000000088e58ac0) 
thrown [s\open\src\hotspot\share\prims\jni.cpp, line 520]
Event: 8.203 Thread 0x0000012ff0e50760 Exception <a 'java/lang/NoSuchMethodError'{0x0000000088d04cd0}: 'java.lang.Object java.lang.invoke.DirectMethodHandle$Holder.invokeStaticInit(java.lang.Object, int, int, int, int)'> (0x0000000088d04cd0) 
thrown [s\open\src\hotspot\share\interpreter\linkResolver.cpp, line 773]
Event: 8.221 Thread 0x0000012ff0e50760 Exception <a 'java/lang/NoSuchMethodError'{0x0000000088dc9730}: 'java.lang.Object java.lang.invoke.DirectMethodHandle$Holder.invokeStaticInit(java.lang.Object, java.lang.Object, int, int, int, int)'> (0x0000000088dc9730) 
thrown [s\open\src\hotspot\share\interpreter\linkResolver.cpp, line 773]
Event: 118.265 Thread 0x0000012ff0e50760 Exception <a 'java/lang/NoSuchMethodError'{0x000000008822f570}: 'int java.lang.invoke.DirectMethodHandle$Holder.invokeStatic(java.lang.Object)'> (0x000000008822f570) 
thrown [s\open\src\hotspot\share\interpreter\linkResolver.cpp, line 773]

ZGC Phase Switch (0 events):
No events

VM Operations (20 events):
Event: 174.407 Executing VM operation: Cleanup
Event: 174.407 Executing VM operation: Cleanup done
Event: 177.436 Executing VM operation: Cleanup
Event: 177.436 Executing VM operation: Cleanup done
Event: 179.462 Executing VM operation: Cleanup
Event: 179.462 Executing VM operation: Cleanup done
Event: 180.178 Executing VM operation: HandshakeAllThreads (HandshakeForDeflation)
Event: 180.178 Executing VM operation: HandshakeAllThreads (HandshakeForDeflation) done
Event: 180.179 Executing VM operation: RendezvousGCThreads
Event: 180.179 Executing VM operation: RendezvousGCThreads done
Event: 181.193 Executing VM operation: Cleanup
Event: 181.193 Executing VM operation: Cleanup done
Event: 182.204 Executing VM operation: Cleanup
Event: 182.205 Executing VM operation: Cleanup done
Event: 185.214 Executing VM operation: Cleanup
Event: 185.214 Executing VM operation: Cleanup done
Event: 189.259 Executing VM operation: Cleanup
Event: 189.259 Executing VM operation: Cleanup done
Event: 190.266 Executing VM operation: Cleanup
Event: 190.266 Executing VM operation: Cleanup done

Events (20 events):
Event: 0.604 Thread 0x0000012fcccd7790 Thread exited: 0x0000012fcccd7790
Event: 0.604 Thread 0x0000012fcccd7790 Thread added: 0x0000012fcccd7790
Event: 5.435 Thread 0x0000012febb18270 Thread exited: 0x0000012febb18270
Event: 5.467 Thread 0x0000012ff0e4ed60 Thread exited: 0x0000012ff0e4ed60
Event: 7.761 Thread 0x0000012febb1a690 Thread added: 0x0000012febb1a690
Event: 7.840 Thread 0x0000012ff0f88ea0 Thread added: 0x0000012ff0f88ea0
Event: 7.860 Thread 0x0000012feb642270 Thread added: 0x0000012feb642270
Event: 7.862 Thread 0x0000012ff0f7cd70 Thread added: 0x0000012ff0f7cd70
Event: 7.914 Thread 0x0000012feb640e00 Thread added: 0x0000012feb640e00
Event: 8.524 Thread 0x0000012feb640e00 Thread exited: 0x0000012feb640e00
Event: 8.524 Thread 0x0000012feb642270 Thread exited: 0x0000012feb642270
Event: 8.542 Thread 0x0000012feb642940 Thread added: 0x0000012feb642940
Event: 9.180 Thread 0x0000012feb642940 Thread exited: 0x0000012feb642940
Event: 12.852 Thread 0x0000012ff0f88ea0 Thread exited: 0x0000012ff0f88ea0
Event: 12.868 Thread 0x0000012febb1a690 Thread exited: 0x0000012febb1a690
Event: 14.523 Thread 0x0000012ff2443d70 Thread added: 0x0000012ff2443d70
Event: 118.212 Thread 0x0000012ff24436e0 Thread added: 0x0000012ff24436e0
Event: 123.220 Thread 0x0000012ff24436e0 Thread exited: 0x0000012ff24436e0
Event: 123.743 Thread 0x0000012feb6414d0 Thread added: 0x0000012feb6414d0
Event: 124.327 Thread 0x0000012feb6414d0 Thread exited: 0x0000012feb6414d0


Dynamic libraries:
0x00007ff71dba0000 - 0x00007ff71dbb0000 	C:\Program Files\Java\jdk-21\bin\java.exe
0x00007ffb67950000 - 0x00007ffb67b48000 	C:\WINDOWS\SYSTEM32\ntdll.dll
0x00007ffb66e70000 - 0x00007ffb66f32000 	C:\WINDOWS\System32\KERNEL32.DLL
0x00007ffb65670000 - 0x00007ffb6596e000 	C:\WINDOWS\System32\KERNELBASE.dll
0x00007ffb65060000 - 0x00007ffb65160000 	C:\WINDOWS\System32\ucrtbase.dll
0x00007ffb51da0000 - 0x00007ffb51dbb000 	C:\Program Files\Java\jdk-21\bin\VCRUNTIME140.dll
0x00007ffb562b0000 - 0x00007ffb562c9000 	C:\Program Files\Java\jdk-21\bin\jli.dll
0x00007ffb67380000 - 0x00007ffb67432000 	C:\WINDOWS\System32\ADVAPI32.dll
0x00007ffb65d50000 - 0x00007ffb65dee000 	C:\WINDOWS\System32\msvcrt.dll
0x00007ffb66440000 - 0x00007ffb664e0000 	C:\WINDOWS\System32\sechost.dll
0x00007ffb67060000 - 0x00007ffb67183000 	C:\WINDOWS\System32\RPCRT4.dll
0x00007ffb65160000 - 0x00007ffb65187000 	C:\WINDOWS\System32\bcrypt.dll
0x00007ffb67770000 - 0x00007ffb6790d000 	C:\WINDOWS\System32\USER32.dll
0x00007ffb65190000 - 0x00007ffb651b2000 	C:\WINDOWS\System32\win32u.dll
0x00007ffb48a20000 - 0x00007ffb48cba000 	C:\WINDOWS\WinSxS\amd64_microsoft.windows.common-controls_6595b64144ccf1df_6.0.19041.4355_none_60b8b9eb71f62e16\COMCTL32.dll
0x00007ffb66410000 - 0x00007ffb6643b000 	C:\WINDOWS\System32\GDI32.dll
0x00007ffb65250000 - 0x00007ffb65367000 	C:\WINDOWS\System32\gdi32full.dll
0x00007ffb65470000 - 0x00007ffb6550d000 	C:\WINDOWS\System32\msvcp_win.dll
0x00007ffb5af20000 - 0x00007ffb5af2a000 	C:\WINDOWS\SYSTEM32\VERSION.dll
0x00007ffb675f0000 - 0x00007ffb6761f000 	C:\WINDOWS\System32\IMM32.DLL
0x00007ffb56450000 - 0x00007ffb5645c000 	C:\Program Files\Java\jdk-21\bin\vcruntime140_1.dll
0x00007ffb4d1b0000 - 0x00007ffb4d23e000 	C:\Program Files\Java\jdk-21\bin\msvcp140.dll
0x00007ffb12ff0000 - 0x00007ffb13d03000 	C:\Program Files\Java\jdk-21\bin\server\jvm.dll
0x00007ffb66540000 - 0x00007ffb665ab000 	C:\WINDOWS\System32\WS2_32.dll
0x00007ffb64da0000 - 0x00007ffb64deb000 	C:\WINDOWS\SYSTEM32\POWRPROF.dll
0x00007ffb46700000 - 0x00007ffb46727000 	C:\WINDOWS\SYSTEM32\WINMM.dll
0x00007ffb64d80000 - 0x00007ffb64d92000 	C:\WINDOWS\SYSTEM32\UMPDC.dll
0x00007ffb63810000 - 0x00007ffb63822000 	C:\WINDOWS\SYSTEM32\kernel.appcore.dll
0x00007ffb56350000 - 0x00007ffb5635a000 	C:\Program Files\Java\jdk-21\bin\jimage.dll
0x00007ffb5fbb0000 - 0x00007ffb5fd94000 	C:\WINDOWS\SYSTEM32\DBGHELP.DLL
0x00007ffb58070000 - 0x00007ffb580a4000 	C:\WINDOWS\SYSTEM32\dbgcore.DLL
0x00007ffb651c0000 - 0x00007ffb65242000 	C:\WINDOWS\System32\bcryptPrimitives.dll
0x00007ffb569b0000 - 0x00007ffb569bf000 	C:\Program Files\Java\jdk-21\bin\instrument.dll
0x00007ffb51d80000 - 0x00007ffb51d9f000 	C:\Program Files\Java\jdk-21\bin\java.dll
0x00007ffb665b0000 - 0x00007ffb66d1f000 	C:\WINDOWS\System32\SHELL32.dll
0x00007ffb63050000 - 0x00007ffb637f4000 	C:\WINDOWS\SYSTEM32\windows.storage.dll
0x00007ffb65970000 - 0x00007ffb65cc3000 	C:\WINDOWS\System32\combase.dll
0x00007ffb649b0000 - 0x00007ffb649de000 	C:\WINDOWS\SYSTEM32\Wldp.dll
0x00007ffb65ed0000 - 0x00007ffb65f9d000 	C:\WINDOWS\System32\OLEAUT32.dll
0x00007ffb66d30000 - 0x00007ffb66ddd000 	C:\WINDOWS\System32\SHCORE.dll
0x00007ffb67710000 - 0x00007ffb67765000 	C:\WINDOWS\System32\shlwapi.dll
0x00007ffb64f20000 - 0x00007ffb64f44000 	C:\WINDOWS\SYSTEM32\profapi.dll
0x00007ffb44340000 - 0x00007ffb44417000 	C:\Program Files\Java\jdk-21\bin\jsvml.dll
0x00007ffb51a40000 - 0x00007ffb51a58000 	C:\Program Files\Java\jdk-21\bin\zip.dll
0x00007ffb55d90000 - 0x00007ffb55da0000 	C:\Program Files\Java\jdk-21\bin\net.dll
0x00007ffb58a40000 - 0x00007ffb58b4d000 	C:\WINDOWS\SYSTEM32\WINHTTP.dll
0x00007ffb646b0000 - 0x00007ffb6471a000 	C:\WINDOWS\system32\mswsock.dll
0x00007ffb51d60000 - 0x00007ffb51d76000 	C:\Program Files\Java\jdk-21\bin\nio.dll
0x00007ffb4d9f0000 - 0x00007ffb4da0a000 	F:\IntelliJ IDEA Community Edition 2024.2.3\bin\breakgen64.dll
0x00007ffb569a0000 - 0x00007ffb569a9000 	C:\Program Files\Java\jdk-21\bin\extnet.dll
0x00007ffb16e80000 - 0x00007ffb1700f000 	C:\Program Files\Java\jdk-21\bin\awt.dll
0x00007ffb5d0b0000 - 0x00007ffb5d144000 	C:\WINDOWS\SYSTEM32\apphelp.dll
0x00007ffb5f680000 - 0x00007ffb5f6af000 	C:\WINDOWS\system32\DWMAPI.DLL
0x00007ffb5f510000 - 0x00007ffb5f5ae000 	C:\WINDOWS\system32\uxtheme.dll
0x00007ffb3d360000 - 0x00007ffb3d488000 	C:\WINDOWS\system32\opengl32.dll
0x00007ffb3dfd0000 - 0x00007ffb3dffc000 	C:\WINDOWS\SYSTEM32\GLU32.dll
0x00007ffb66f40000 - 0x00007ffb67055000 	C:\WINDOWS\System32\MSCTF.dll
0x00007ffb67250000 - 0x00007ffb6737b000 	C:\WINDOWS\System32\ole32.dll
0x00007ffb38650000 - 0x00007ffb3867e000 	C:\Program Files\Java\jdk-21\bin\javajpeg.dll
0x00007ffb46dd0000 - 0x00007ffb46e57000 	C:\Program Files\Java\jdk-21\bin\freetype.dll
0x00007ffb12900000 - 0x00007ffb129e1000 	C:\Program Files\Java\jdk-21\bin\fontmanager.dll
0x00007ffb50000000 - 0x00007ffb500f9000 	C:\WINDOWS\SYSTEM32\textinputframework.dll
0x00007ffb5c580000 - 0x00007ffb5c8db000 	C:\WINDOWS\System32\CoreUIComponents.dll
0x00007ffb5cc60000 - 0x00007ffb5cd52000 	C:\WINDOWS\System32\CoreMessaging.dll
0x00007ffb64220000 - 0x00007ffb64253000 	C:\WINDOWS\SYSTEM32\ntmarta.dll
0x00007ffb5e5d0000 - 0x00007ffb5e727000 	C:\WINDOWS\SYSTEM32\wintypes.dll
0x00007ffb643d0000 - 0x00007ffb6449a000 	C:\WINDOWS\SYSTEM32\DNSAPI.dll
0x00007ffb64390000 - 0x00007ffb643cb000 	C:\WINDOWS\SYSTEM32\IPHLPAPI.DLL
0x00007ffb66de0000 - 0x00007ffb66de8000 	C:\WINDOWS\System32\NSI.dll
0x00007ffb5aa80000 - 0x00007ffb5aa8a000 	C:\Windows\System32\rasadhlp.dll
0x00007ffb50ef0000 - 0x00007ffb50f70000 	C:\WINDOWS\System32\fwpuclnt.dll
0x00007ffb5acb0000 - 0x00007ffb5acbe000 	C:\Program Files\Java\jdk-21\bin\sunmscapi.dll
0x00007ffb65510000 - 0x00007ffb6566c000 	C:\WINDOWS\System32\CRYPT32.dll
0x00007ffb64a20000 - 0x00007ffb64a47000 	C:\WINDOWS\SYSTEM32\ncrypt.dll
0x00007ffb649e0000 - 0x00007ffb64a1b000 	C:\WINDOWS\SYSTEM32\NTASN1.dll
0x00007ffb64900000 - 0x00007ffb64918000 	C:\WINDOWS\SYSTEM32\CRYPTSP.dll
0x00007ffb63fd0000 - 0x00007ffb64004000 	C:\WINDOWS\system32\rsaenh.dll
0x00007ffb64ea0000 - 0x00007ffb64ece000 	C:\WINDOWS\SYSTEM32\USERENV.dll
0x00007ffb64920000 - 0x00007ffb6492c000 	C:\WINDOWS\SYSTEM32\CRYPTBASE.dll
0x00007ffb67190000 - 0x00007ffb67239000 	C:\WINDOWS\System32\clbcatq.dll
0x00007ffb5f1a0000 - 0x00007ffb5f356000 	C:\WINDOWS\SYSTEM32\WindowsCodecs.dll
0x00007ffb3a8e0000 - 0x00007ffb3a91e000 	C:\WINDOWS\system32\dataexchange.dll
0x00007ffb5b6a0000 - 0x00007ffb5b903000 	C:\WINDOWS\system32\d3d11.dll
0x00007ffb5c330000 - 0x00007ffb5c514000 	C:\WINDOWS\system32\dcomp.dll
0x00007ffb63880000 - 0x00007ffb63976000 	C:\WINDOWS\system32\dxgi.dll
0x00007ffb59cd0000 - 0x00007ffb59ed3000 	C:\WINDOWS\system32\twinapi.appcore.dll
0x00007ffb4bad0000 - 0x00007ffb4bb7e000 	C:\WINDOWS\SYSTEM32\TextShaping.dll

dbghelp: loaded successfully - version: 4.0.5 - missing functions: none
symbol engine: initialized successfully - sym options: 0x614 - pdb path: .;C:\Program Files\Java\jdk-21\bin;C:\WINDOWS\SYSTEM32;C:\WINDOWS\WinSxS\amd64_microsoft.windows.common-controls_6595b64144ccf1df_6.0.19041.4355_none_60b8b9eb71f62e16;C:\Program Files\Java\jdk-21\bin\server;F:\IntelliJ IDEA Community Edition 2024.2.3\bin

VM Arguments:
jvm_args: -javaagent:F:\IntelliJ IDEA Community Edition 2024.2.3\lib\idea_rt.jar=61754:F:\IntelliJ IDEA Community Edition 2024.2.3\bin -Dfile.encoding=UTF-8 -Dsun.stdout.encoding=UTF-8 -Dsun.stderr.encoding=UTF-8 
java_command: institute.management.system.Main_Class
java_class_path (initial): F:\AMAN JAVA PROJECT\Institute Management System\out\production\Institute Management System;E:\mysqljar\mysql-connector-java-8.0.17.jar;E:\mysqljar\jcalendar-1.4.jar;E:\mysqljar\rs2xml.jar
Launcher Type: SUN_STANDARD

[Global flags]
     intx CICompilerCount                          = 4                                         {product} {ergonomic}
     uint ConcGCThreads                            = 2                                         {product} {ergonomic}
     uint G1ConcRefinementThreads                  = 8                                         {product} {ergonomic}
   size_t G1HeapRegionSize                         = 1048576                                   {product} {ergonomic}
    uintx GCDrainStackTargetSize                   = 64                                        {product} {ergonomic}
   size_t InitialHeapSize                          = 134217728                                 {product} {ergonomic}
   size_t MarkStackSize                            = 4194304                                   {product} {ergonomic}
   size_t MaxHeapSize                              = 2116026368                                {product} {ergonomic}
   size_t MaxNewSize                               = 1268776960                                {product} {ergonomic}
   size_t MinHeapDeltaBytes                        = 1048576                                   {product} {ergonomic}
   size_t MinHeapSize                              = 8388608                                   {product} {ergonomic}
    uintx NonNMethodCodeHeapSize                   = 5839372                                {pd product} {ergonomic}
    uintx NonProfiledCodeHeapSize                  = 122909434                              {pd product} {ergonomic}
    uintx ProfiledCodeHeapSize                     = 122909434                              {pd product} {ergonomic}
    uintx ReservedCodeCacheSize                    = 251658240                              {pd product} {ergonomic}
     bool SegmentedCodeCache                       = true                                      {product} {ergonomic}
   size_t SoftMaxHeapSize                          = 2116026368                             {manageable} {ergonomic}
     bool UseCompressedOops                        = true                           {product lp64_product} {ergonomic}
     bool UseG1GC                                  = true                                      {product} {ergonomic}
     bool UseLargePagesIndividualAllocation        = false                                  {pd product} {ergonomic}

Logging:
Log output configuration:
 #0: stdout all=warning uptime,level,tags foldmultilines=false
 #1: stderr all=off uptime,level,tags foldmultilines=false

Environment Variables:
JAVA_HOME=C:\Program Files\Java\jdk-18.0.2
PATH=C:\Program Files\Common Files\Oracle\Java\javapath;C:\Program Files\Java\jdk-18.0.2\bin;C:\OpenSSH-Win64;C:\Program Files\MySQL\MySQL Server 8.0\bin;C:\Program Files\MySQL\MySQL Shell 8.0\bin\;C:\Users\Aman kumar\AppData\Local\Microsoft\WindowsApps;C:\MinGW\bin;C:\Users\Aman kumar\AppData\Local\Programs\Microsoft VS Code\bin;C:\Program Files\Java\jdk-18.0.2\bin;C:\Users\Aman kumar\AppData\Local\GitHubDesktop\bin;C:\Program Files\Git\bin;
USERNAME=Aman kumar
OS=Windows_NT
PROCESSOR_IDENTIFIER=Intel64 Family 6 Model 142 Stepping 12, GenuineIntel
TMP=C:\Users\AMANKU~1\AppData\Local\Temp
TEMP=C:\Users\AMANKU~1\AppData\Local\Temp




Periodic native trim disabled

---------------  S Y S T E M  ---------------

OS:
 Windows 10 , 64 bit Build 19041 (10.0.19041.4957)
OS uptime: 10 days 0:46 hours

CPU: total 8 (initial active 8) (4 cores per cpu, 2 threads per core) family 6 model 142 stepping 12 microcode 0xf8, cx8, cmov, fxsr, ht, mmx, 3dnowpref, sse, sse2, sse3, ssse3, sse4.1, sse4.2, popcnt, lzcnt, tsc, tscinvbit, avx, avx2, aes, erms, clmul, bmi1, bmi2, adx, fma, vzeroupper, clflush, clflushopt, rdtscp, f16c
Processor Information for all 8 processors :
  Max Mhz: 1800, Current Mhz: 1600, Mhz Limit: 1584

Memory: 4k page, system-wide physical 8067M (124M free)
TotalPageFile size 32643M (AvailPageFile size 0M)
current process WorkingSet (physical memory assigned to process): 159M, peak: 177M
current process commit charge ("private bytes"): 255M, peak: 280M

vm_info: Java HotSpot(TM) 64-Bit Server VM (21.0.4+8-LTS-274) for windows-amd64 JRE (21.0.4+8-LTS-274), built on 2024-06-05T05:23:33Z by "mach5one" with MS VC++ 17.6 (VS2022)

END.
